InsecureShop-main/InsecureShop-main/app/build/intermediates/manifest_merge_blame_file/debug/manifest-merger-blame-debug-report.txt
1<?xml version="1.0" encoding="utf-8"?>
2<manifest xmlns:android="http://schemas.android.com/apk/res/android"
3    package="com.insecureshop"
4    android:versionCode="1"
5    android:versionName="1.0" >
6
7    <uses-sdk
8        android:minSdkVersion="23"
8-->src\main\AndroidManifest.xml
9        android:targetSdkVersion="33" />
9-->src\main\AndroidManifest.xml
10
11    <uses-permission android:name="android.permission.INTERNET" />
11-->src\main\AndroidManifest.xml:5:5-67
11-->src\main\AndroidManifest.xml:5:22-64
12    <uses-permission android:name="android.permission.READ_EXTERNAL_STORAGE" />
12-->src\main\AndroidManifest.xml:6:5-80
12-->src\main\AndroidManifest.xml:6:22-77
13    <uses-permission android:name="android.permission.WRITE_EXTERNAL_STORAGE" />
13-->src\main\AndroidManifest.xml:7:5-81
13-->src\main\AndroidManifest.xml:7:22-78
14    <uses-permission android:name="android.permission.READ_CONTACTS" />
14-->src\main\AndroidManifest.xml:8:5-72
14-->src\main\AndroidManifest.xml:8:22-69
15
16    <permission
16-->src\main\AndroidManifest.xml:10:5-11:48
17        android:name="com.insecureshop.permission.SECURE_ACCESS"
17-->src\main\AndroidManifest.xml:10:17-73
18        android:protectionLevel="signature" />
18-->src\main\AndroidManifest.xml:11:9-44
19
20    <uses-permission android:name="android.permission.WAKE_LOCK" />
20-->[net.gotev:uploadservice:3.2.1] AndroidManifest.xml:14:5-68
20-->[net.gotev:uploadservice:3.2.1] AndroidManifest.xml:14:22-65
21
22    <application
22-->src\main\AndroidManifest.xml:13:5-103:19
23        android:name="com.insecureshop.InsecureShopApp"
23-->src\main\AndroidManifest.xml:14:9-40
24        android:allowBackup="true"
24-->src\main\AndroidManifest.xml:15:9-35
25        android:appComponentFactory="androidx.core.app.CoreComponentFactory"
25-->[androidx.core:core:1.3.0] AndroidManifest.xml:24:18-86
26        android:debuggable="true"
27        android:extractNativeLibs="false"
28        android:icon="@mipmap/ic_launcher"
28-->src\main\AndroidManifest.xml:16:9-43
29        android:label="@string/app_name"
29-->src\main\AndroidManifest.xml:17:9-41
30        android:roundIcon="@mipmap/ic_launcher_round"
30-->src\main\AndroidManifest.xml:18:9-54
31        android:supportsRtl="true"
31-->src\main\AndroidManifest.xml:19:9-35
32        android:testOnly="true"
33        android:theme="@style/AppTheme"
33-->src\main\AndroidManifest.xml:20:9-40
34        android:usesCleartextTraffic="true" >
34-->src\main\AndroidManifest.xml:21:9-44
35        <activity
35-->src\main\AndroidManifest.xml:22:9-46:20
36            android:name="com.insecureshop.ChooserActivity"
36-->src\main\AndroidManifest.xml:23:13-44
37            android:excludeFromRecents="true"
37-->src\main\AndroidManifest.xml:25:13-46
38            android:exported="true" >
38-->src\main\AndroidManifest.xml:24:13-36
39            <intent-filter>
39-->src\main\AndroidManifest.xml:26:13-30:29
40                <action android:name="android.intent.action.VIEW" />
40-->src\main\AndroidManifest.xml:27:17-69
40-->src\main\AndroidManifest.xml:27:25-66
41
42                <category android:name="android.intent.category.DEFAULT" />
42-->src\main\AndroidManifest.xml:29:17-76
42-->src\main\AndroidManifest.xml:29:27-73
43            </intent-filter>
44            <intent-filter>
44-->src\main\AndroidManifest.xml:31:13-41:29
45                <action android:name="android.intent.action.SEND" />
45-->src\main\AndroidManifest.xml:32:17-69
45-->src\main\AndroidManifest.xml:32:25-66
46
47                <category android:name="android.intent.category.DEFAULT" />
47-->src\main\AndroidManifest.xml:29:17-76
47-->src\main\AndroidManifest.xml:29:27-73
48
49                <data android:mimeType="application/*" />
49-->src\main\AndroidManifest.xml:36:17-58
49-->src\main\AndroidManifest.xml:36:23-55
50                <data android:mimeType="audio/*" />
50-->src\main\AndroidManifest.xml:36:17-58
50-->src\main\AndroidManifest.xml:36:23-55
51                <data android:mimeType="image/*" />
51-->src\main\AndroidManifest.xml:36:17-58
51-->src\main\AndroidManifest.xml:36:23-55
52                <data android:mimeType="text/*" />
52-->src\main\AndroidManifest.xml:36:17-58
52-->src\main\AndroidManifest.xml:36:23-55
53                <data android:mimeType="video/*" />
53-->src\main\AndroidManifest.xml:36:17-58
53-->src\main\AndroidManifest.xml:36:23-55
54            </intent-filter>
55
56            <meta-data
56-->src\main\AndroidManifest.xml:43:13-45:69
57                android:name="android.service.chooser.chooser_target_service"
57-->src\main\AndroidManifest.xml:44:17-78
58                android:value=".ConversationChooserTargetService" />
58-->src\main\AndroidManifest.xml:45:17-66
59        </activity>
60        <activity
60-->src\main\AndroidManifest.xml:47:9-49:39
61            android:name="com.insecureshop.AboutUsActivity"
61-->src\main\AndroidManifest.xml:48:13-44
62            android:exported="true" />
62-->src\main\AndroidManifest.xml:49:13-36
63        <activity android:name="com.insecureshop.CartListActivity" />
63-->src\main\AndroidManifest.xml:50:9-54
63-->src\main\AndroidManifest.xml:50:19-51
64        <activity
64-->src\main\AndroidManifest.xml:51:9-57:20
65            android:name="com.insecureshop.ProductListActivity"
65-->src\main\AndroidManifest.xml:51:19-54
66            android:exported="true" >
66-->src\main\AndroidManifest.xml:51:55-78
67            <intent-filter>
67-->src\main\AndroidManifest.xml:52:13-56:29
68                <action android:name="android.intent.action.MAIN" />
68-->src\main\AndroidManifest.xml:53:17-69
68-->src\main\AndroidManifest.xml:53:25-66
69
70                <category android:name="android.intent.category.LAUNCHER" />
70-->src\main\AndroidManifest.xml:55:17-77
70-->src\main\AndroidManifest.xml:55:27-74
71            </intent-filter>
72        </activity>
73        <activity android:name="com.insecureshop.LoginActivity" />
73-->src\main\AndroidManifest.xml:58:9-51
73-->src\main\AndroidManifest.xml:58:19-48
74        <activity
74-->src\main\AndroidManifest.xml:59:9-69:20
75            android:name="com.insecureshop.WebViewActivity"
75-->src\main\AndroidManifest.xml:59:19-50
76            android:exported="true" >
76-->src\main\AndroidManifest.xml:59:51-74
77            <intent-filter>
77-->src\main\AndroidManifest.xml:60:13-68:29
78                <action android:name="android.intent.action.VIEW" />
78-->src\main\AndroidManifest.xml:27:17-69
78-->src\main\AndroidManifest.xml:27:25-66
79
80                <category android:name="android.intent.category.DEFAULT" />
80-->src\main\AndroidManifest.xml:29:17-76
80-->src\main\AndroidManifest.xml:29:27-73
81                <category android:name="android.intent.category.BROWSABLE" />
81-->src\main\AndroidManifest.xml:63:17-78
81-->src\main\AndroidManifest.xml:63:27-75
82
83                <data
83-->src\main\AndroidManifest.xml:36:17-58
84                    android:host="com.insecureshop"
84-->src\main\AndroidManifest.xml:66:21-52
85                    android:scheme="insecureshop" />
85-->src\main\AndroidManifest.xml:67:21-50
86            </intent-filter>
87        </activity>
88        <activity
88-->src\main\AndroidManifest.xml:70:9-76:20
89            android:name="com.insecureshop.WebView2Activity"
89-->src\main\AndroidManifest.xml:70:19-51
90            android:exported="true" >
90-->src\main\AndroidManifest.xml:70:52-75
91            <intent-filter>
91-->src\main\AndroidManifest.xml:71:13-75:29
92                <action android:name="com.insecureshop.action.WEBVIEW" />
92-->src\main\AndroidManifest.xml:72:17-74
92-->src\main\AndroidManifest.xml:72:25-71
93
94                <category android:name="android.intent.category.DEFAULT" />
94-->src\main\AndroidManifest.xml:29:17-76
94-->src\main\AndroidManifest.xml:29:27-73
95                <category android:name="android.intent.category.BROWSABLE" />
95-->src\main\AndroidManifest.xml:63:17-78
95-->src\main\AndroidManifest.xml:63:27-75
96            </intent-filter>
97        </activity>
98        <activity
98-->src\main\AndroidManifest.xml:77:9-79:40
99            android:name="com.insecureshop.PrivateActivity"
99-->src\main\AndroidManifest.xml:78:13-44
100            android:exported="false" />
100-->src\main\AndroidManifest.xml:79:13-37
101        <activity android:name="com.insecureshop.SendingDataViaActionActivity" >
101-->src\main\AndroidManifest.xml:80:9-82:20
101-->src\main\AndroidManifest.xml:80:19-63
102        </activity>
103        <activity
103-->src\main\AndroidManifest.xml:83:9-75
104            android:name="com.insecureshop.ResultActivity"
104-->src\main\AndroidManifest.xml:83:19-49
105            android:exported="true" />
105-->src\main\AndroidManifest.xml:83:50-73
106
107        <provider
107-->src\main\AndroidManifest.xml:84:9-88:78
108            android:name="com.insecureshop.contentProvider.InsecureShopProvider"
108-->src\main\AndroidManifest.xml:85:13-65
109            android:authorities="com.insecureshop.provider"
109-->src\main\AndroidManifest.xml:86:13-60
110            android:exported="true"
110-->src\main\AndroidManifest.xml:87:13-36
111            android:permission="com.insecureshop.permission.SECURE_ACCESS" />
111-->src\main\AndroidManifest.xml:88:13-75
112        <provider
112-->src\main\AndroidManifest.xml:89:9-93:78
113            android:name="com.insecureshop.contentProvider.InsecureshopFileProvider"
113-->src\main\AndroidManifest.xml:90:13-69
114            android:authorities="com.insecureshop.file_provider"
114-->src\main\AndroidManifest.xml:91:13-65
115            android:exported="true"
115-->src\main\AndroidManifest.xml:92:13-36
116            android:permission="com.insecureshop.permission.SECURE_ACCESS" />
116-->src\main\AndroidManifest.xml:93:13-75
117        <provider
117-->src\main\AndroidManifest.xml:94:9-102:20
118            android:name="androidx.core.content.FileProvider"
118-->src\main\AndroidManifest.xml:95:13-62
119            android:authorities="com.insecureshop.file_provider"
119-->src\main\AndroidManifest.xml:96:13-65
120            android:exported="false"
120-->src\main\AndroidManifest.xml:97:13-37
121            android:grantUriPermissions="true" >
121-->src\main\AndroidManifest.xml:98:13-47
122            <meta-data
122-->src\main\AndroidManifest.xml:99:13-101:58
123                android:name="android.support.FILE_PROVIDER_PATHS"
123-->src\main\AndroidManifest.xml:100:17-67
124                android:resource="@xml/provider_paths" />
124-->src\main\AndroidManifest.xml:101:17-55
125        </provider>
126
127        <service
127-->[net.gotev:uploadservice:3.2.1] AndroidManifest.xml:17:9-21:19
128            android:name="net.gotev.uploadservice.UploadService"
128-->[net.gotev:uploadservice:3.2.1] AndroidManifest.xml:18:13-65
129            android:enabled="true"
129-->[net.gotev:uploadservice:3.2.1] AndroidManifest.xml:19:13-35
130            android:exported="true" >
130-->[net.gotev:uploadservice:3.2.1] AndroidManifest.xml:20:13-36
131        </service>
132
133        <provider
133-->[androidx.lifecycle:lifecycle-process:2.4.0] AndroidManifest.xml:26:9-34:20
134            android:name="androidx.startup.InitializationProvider"
134-->[androidx.lifecycle:lifecycle-process:2.4.0] AndroidManifest.xml:27:13-67
135            android:authorities="com.insecureshop.androidx-startup"
135-->[androidx.lifecycle:lifecycle-process:2.4.0] AndroidManifest.xml:28:13-68
136            android:exported="false" >
136-->[androidx.lifecycle:lifecycle-process:2.4.0] AndroidManifest.xml:29:13-37
137            <meta-data
137-->[androidx.lifecycle:lifecycle-process:2.4.0] AndroidManifest.xml:31:13-33:52
138                android:name="androidx.lifecycle.ProcessLifecycleInitializer"
138-->[androidx.lifecycle:lifecycle-process:2.4.0] AndroidManifest.xml:32:17-78
139                android:value="androidx.startup" />
139-->[androidx.lifecycle:lifecycle-process:2.4.0] AndroidManifest.xml:33:17-49
140        </provider>
141    </application>
142
143</manifest>